2024-02-26 11:39:43,283 [Worker-8: Loading available Gradle versions] INFO  o.e.b.c.i.u.g.PublishedGradleVersions - Gradle version information cache is up-to-date. Trying to read.
2024-02-26 11:43:53,928 [Worker-8: Enabling Maven Dependency Management] INFO  o.e.m.c.i.l.LifecycleMappingFactory - Using org.eclipse.m2e.jdt.JarLifecycleMapping lifecycle mapping for MavenProject: SemanticTreeHouse:SemanticTreeHouse:0.0.1-SNAPSHOT @ /home/hany/FAC/M1/S8/Interoperabilité/Projet/SemanticTreeHouse/pom.xml.
2024-02-26 11:43:56,861 [Worker-20: Building] WARN  o.e.m.c.i.embedder.EclipseLogger - Using platform encoding (UTF-8 actually) to copy filtered resources, i.e. build is platform dependent!
2024-02-26 11:43:56,868 [Worker-20: Building] INFO  o.e.m.c.i.embedder.EclipseLogger - skip non existing resourceDirectory /home/hany/FAC/M1/S8/Interoperabilité/Projet/SemanticTreeHouse/src/main/resources
2024-02-26 11:43:56,899 [Worker-20: Building] WARN  o.e.m.c.i.embedder.EclipseLogger - Using platform encoding (UTF-8 actually) to copy filtered resources, i.e. build is platform dependent!
2024-02-26 11:43:56,906 [Worker-20: Building] INFO  o.e.m.c.i.embedder.EclipseLogger - skip non existing resourceDirectory /home/hany/FAC/M1/S8/Interoperabilité/Projet/SemanticTreeHouse/src/test/resources
2024-02-27 19:46:44,562 [Worker-3: Loading available Gradle versions] INFO  o.e.b.c.i.u.g.PublishedGradleVersions - Gradle version information cache is out-of-date. Trying to update.
2024-02-27 20:24:59,155 [Worker-11: Building] WARN  o.e.m.c.i.embedder.EclipseLogger - Using platform encoding (UTF-8 actually) to copy filtered resources, i.e. build is platform dependent!
2024-02-27 20:24:59,156 [Worker-11: Building] INFO  o.e.m.c.i.embedder.EclipseLogger - skip non existing resourceDirectory /home/hany/FAC/M1/S8/Interoperabilité/Projet/SemanticTreeHouse/src/main/resources
2024-02-27 20:24:59,173 [Worker-11: Building] WARN  o.e.m.c.i.embedder.EclipseLogger - Using platform encoding (UTF-8 actually) to copy filtered resources, i.e. build is platform dependent!
2024-02-27 20:24:59,174 [Worker-11: Building] INFO  o.e.m.c.i.embedder.EclipseLogger - skip non existing resourceDirectory /home/hany/FAC/M1/S8/Interoperabilité/Projet/SemanticTreeHouse/src/test/resources
2024-02-27 20:25:50,277 [Worker-10: Building] WARN  o.e.m.c.i.embedder.EclipseLogger - Using platform encoding (UTF-8 actually) to copy filtered resources, i.e. build is platform dependent!
2024-02-27 20:25:50,279 [Worker-10: Building] INFO  o.e.m.c.i.embedder.EclipseLogger - skip non existing resourceDirectory /home/hany/FAC/M1/S8/Interoperabilité/Projet/SemanticTreeHouse/src/main/resources
2024-02-27 20:25:50,288 [Worker-10: Building] WARN  o.e.m.c.i.embedder.EclipseLogger - Using platform encoding (UTF-8 actually) to copy filtered resources, i.e. build is platform dependent!
2024-02-27 20:25:50,289 [Worker-10: Building] INFO  o.e.m.c.i.embedder.EclipseLogger - skip non existing resourceDirectory /home/hany/FAC/M1/S8/Interoperabilité/Projet/SemanticTreeHouse/src/test/resources
2024-02-27 20:30:59,807 [Worker-15: Building] INFO  o.e.m.c.i.l.LifecycleMappingFactory - Using org.eclipse.m2e.jdt.JarLifecycleMapping lifecycle mapping for MavenProject: SemanticTreeHouse:SemanticTreeHouse:0.0.1-SNAPSHOT @ /home/hany/FAC/M1/S8/Interoperabilité/Projet/SemanticTreeHouse/pom.xml.
2024-02-27 20:31:01,659 [Worker-16: Download sources and javadoc] INFO  o.e.m.c.i.e.AbstractTransferListenerAdapter - Downloading https://repo.maven.apache.org/maven2/org/apache/httpcomponents/httpclient/4.5.13/httpclient-4.5.13-sources.jar
2024-02-27 20:31:01,899 [Worker-16: Download sources and javadoc] INFO  o.e.m.c.i.e.AbstractTransferListenerAdapter - Downloaded https://repo.maven.apache.org/maven2/org/apache/httpcomponents/httpclient/4.5.13/httpclient-4.5.13-sources.jar
2024-02-27 20:31:01,908 [Worker-16: Download sources and javadoc] INFO  o.e.m.j.internal.DownloadSourcesJob - Downloaded sources for org.apache.httpcomponents:httpclient:4.5.13
2024-02-27 20:31:02,024 [Worker-16: Download sources and javadoc] INFO  o.e.m.c.i.e.AbstractTransferListenerAdapter - Downloading https://repo.maven.apache.org/maven2/org/apache/httpcomponents/httpcore/4.4.13/httpcore-4.4.13-sources.jar
2024-02-27 20:31:02,186 [Worker-16: Download sources and javadoc] INFO  o.e.m.c.i.e.AbstractTransferListenerAdapter - Downloaded https://repo.maven.apache.org/maven2/org/apache/httpcomponents/httpcore/4.4.13/httpcore-4.4.13-sources.jar
2024-02-27 20:31:02,189 [Worker-16: Download sources and javadoc] INFO  o.e.m.j.internal.DownloadSourcesJob - Downloaded sources for org.apache.httpcomponents:httpcore:4.4.13
2024-02-27 20:31:02,294 [Worker-16: Download sources and javadoc] INFO  o.e.m.c.i.e.AbstractTransferListenerAdapter - Downloading https://repo.maven.apache.org/maven2/commons-logging/commons-logging/1.2/commons-logging-1.2-sources.jar
2024-02-27 20:31:02,345 [Worker-16: Download sources and javadoc] INFO  o.e.m.c.i.e.AbstractTransferListenerAdapter - Downloaded https://repo.maven.apache.org/maven2/commons-logging/commons-logging/1.2/commons-logging-1.2-sources.jar
2024-02-27 20:31:02,346 [Worker-16: Download sources and javadoc] INFO  o.e.m.j.internal.DownloadSourcesJob - Downloaded sources for commons-logging:commons-logging:1.2
2024-02-27 20:31:02,435 [Worker-16: Download sources and javadoc] INFO  o.e.m.c.i.e.AbstractTransferListenerAdapter - Downloading https://repo.maven.apache.org/maven2/commons-codec/commons-codec/1.11/commons-codec-1.11-sources.jar
2024-02-27 20:31:02,564 [Worker-16: Download sources and javadoc] INFO  o.e.m.c.i.e.AbstractTransferListenerAdapter - Downloaded https://repo.maven.apache.org/maven2/commons-codec/commons-codec/1.11/commons-codec-1.11-sources.jar
2024-02-27 20:31:02,567 [Worker-16: Download sources and javadoc] INFO  o.e.m.j.internal.DownloadSourcesJob - Downloaded sources for commons-codec:commons-codec:1.11
2024-02-27 20:33:05,452 [Worker-17: Building] WARN  o.e.m.c.i.embedder.EclipseLogger - Using platform encoding (UTF-8 actually) to copy filtered resources, i.e. build is platform dependent!
2024-02-27 20:33:05,454 [Worker-17: Building] INFO  o.e.m.c.i.embedder.EclipseLogger - skip non existing resourceDirectory /home/hany/FAC/M1/S8/Interoperabilité/Projet/SemanticTreeHouse/src/main/resources
2024-02-27 20:33:05,461 [Worker-17: Building] WARN  o.e.m.c.i.embedder.EclipseLogger - Using platform encoding (UTF-8 actually) to copy filtered resources, i.e. build is platform dependent!
2024-02-27 20:33:05,462 [Worker-17: Building] INFO  o.e.m.c.i.embedder.EclipseLogger - skip non existing resourceDirectory /home/hany/FAC/M1/S8/Interoperabilité/Projet/SemanticTreeHouse/src/test/resources
2024-02-27 20:34:16,895 [Worker-6: Launching SemTree] WARN  o.e.m.c.i.embedder.EclipseLogger - Using platform encoding (UTF-8 actually) to copy filtered resources, i.e. build is platform dependent!
2024-02-27 20:34:16,901 [Worker-6: Launching SemTree] INFO  o.e.m.c.i.embedder.EclipseLogger - skip non existing resourceDirectory /home/hany/FAC/M1/S8/Interoperabilité/Projet/SemanticTreeHouse/src/main/resources
2024-02-27 20:34:16,917 [Worker-6: Launching SemTree] WARN  o.e.m.c.i.embedder.EclipseLogger - Using platform encoding (UTF-8 actually) to copy filtered resources, i.e. build is platform dependent!
2024-02-27 20:34:16,918 [Worker-6: Launching SemTree] INFO  o.e.m.c.i.embedder.EclipseLogger - skip non existing resourceDirectory /home/hany/FAC/M1/S8/Interoperabilité/Projet/SemanticTreeHouse/src/test/resources
2024-02-27 20:37:56,062 [Worker-3: Loading available Gradle versions] INFO  o.e.b.c.i.u.g.PublishedGradleVersions - Gradle version information cache is up-to-date. Trying to read.
2024-02-27 20:40:58,328 [ModalContext] INFO  o.e.m.c.i.e.AbstractTransferListenerAdapter - Downloading https://repo.maven.apache.org/maven2/am/ik/archetype/elm-spring-boot-blank-archetype/0.0.3/elm-spring-boot-blank-archetype-0.0.3.pom
2024-02-27 20:40:58,364 [ModalContext] INFO  o.e.m.c.i.e.AbstractTransferListenerAdapter - Downloaded https://repo.maven.apache.org/maven2/am/ik/archetype/elm-spring-boot-blank-archetype/0.0.3/elm-spring-boot-blank-archetype-0.0.3.pom
2024-02-27 20:40:58,431 [ModalContext] INFO  o.e.m.c.i.e.AbstractTransferListenerAdapter - Downloading https://repo.maven.apache.org/maven2/am/ik/archetype/elm-spring-boot-blank-archetype/0.0.3/elm-spring-boot-blank-archetype-0.0.3.jar
2024-02-27 20:40:58,513 [ModalContext] INFO  o.e.m.c.i.e.AbstractTransferListenerAdapter - Downloaded https://repo.maven.apache.org/maven2/am/ik/archetype/elm-spring-boot-blank-archetype/0.0.3/elm-spring-boot-blank-archetype-0.0.3.jar
2024-02-27 20:42:14,111 [Worker-4: Launching mavenrun-6e43b3ab-75f7-4200-bdb7-66aa87da2a46] INFO  o.e.m.i.launch.MavenLaunchDelegate - /home/hany/FAC/M1/S8/Interoperabilité/Projet
2024-02-27 20:42:14,116 [Worker-4: Launching mavenrun-6e43b3ab-75f7-4200-bdb7-66aa87da2a46] INFO  o.e.m.i.launch.MavenLaunchDelegate -  mvn -DarchetypeVersion=0.0.3 -Dpackage=fr.semTree -DarchetypeGroupId=am.ik.archetype -DarchetypeArtifactId=elm-spring-boot-blank-archetype -DgroupId=fr -DartifactId=semTree -DoutputDirectory=/home/hany/FAC/M1/S8/Interoperabilité/Projet -Dversion=0.0.1-SNAPSHOT -Dstyle.color=always -U archetype:generate
2024-02-27 20:52:26,040 [ModalContext] INFO  o.e.m.c.i.e.AbstractTransferListenerAdapter - Downloading https://repo.maven.apache.org/maven2/org/irenical/maven-archetype-jar/1.0/maven-archetype-jar-1.0.pom
2024-02-27 20:52:26,075 [ModalContext] INFO  o.e.m.c.i.e.AbstractTransferListenerAdapter - Downloaded https://repo.maven.apache.org/maven2/org/irenical/maven-archetype-jar/1.0/maven-archetype-jar-1.0.pom
2024-02-27 20:52:26,186 [ModalContext] INFO  o.e.m.c.i.e.AbstractTransferListenerAdapter - Downloading https://repo.maven.apache.org/maven2/org/irenical/maven-archetype-jar/1.0/maven-archetype-jar-1.0.jar
2024-02-27 20:52:26,214 [ModalContext] INFO  o.e.m.c.i.e.AbstractTransferListenerAdapter - Downloaded https://repo.maven.apache.org/maven2/org/irenical/maven-archetype-jar/1.0/maven-archetype-jar-1.0.jar
2024-02-27 21:03:00,003 [Worker-2: Loading available Gradle versions] INFO  o.e.b.c.i.u.g.PublishedGradleVersions - Gradle version information cache is up-to-date. Trying to read.
